\BOOKMARK [1][-]{section.1}{1 Introduction}{}% 1
\BOOKMARK [1][-]{section.2}{2 Objectif}{}% 2
\BOOKMARK [1][-]{section.3}{3 Division du Travail}{}% 3
\BOOKMARK [2][-]{subsection.3.1}{3.1 Commande Angulaire et Cart\351sienne}{section.3}% 4
\BOOKMARK [2][-]{subsection.3.2}{3.2 Trajectoires}{section.3}% 5
\BOOKMARK [2][-]{subsection.3.3}{3.3 Communication avec le robot}{section.3}% 6
\BOOKMARK [2][-]{subsection.3.4}{3.4 Interface Homme \040 Machine }{section.3}% 7
\BOOKMARK [2][-]{subsection.3.5}{3.5 D\351signation des t\342ches}{section.3}% 8
\BOOKMARK [2][-]{subsection.3.6}{3.6 Calendrier du projet}{section.3}% 9
\BOOKMARK [2][-]{subsection.3.7}{3.7 Suivi du calendrier du projet}{section.3}% 10
\BOOKMARK [1][-]{section.4}{4 M\351thodologie}{}% 11
\BOOKMARK [2][-]{subsection.4.1}{4.1 Commande Angulaire et Cart\351sienne}{section.4}% 12
\BOOKMARK [3][-]{subsubsection.4.1.1}{4.1.1 Commande Angulaire}{subsection.4.1}% 13
\BOOKMARK [3][-]{subsubsection.4.1.2}{4.1.2 Commande Op\351rationnelle}{subsection.4.1}% 14
\BOOKMARK [2][-]{subsection.4.2}{4.2 Trajectoires}{section.4}% 15
\BOOKMARK [3][-]{subsubsection.4.2.1}{4.2.1 Choix de conception et Mise en \226uvre}{subsection.4.2}% 16
\BOOKMARK [3][-]{subsubsection.4.2.2}{4.2.2 Trajectoire Lin\351aire}{subsection.4.2}% 17
\BOOKMARK [3][-]{subsubsection.4.2.3}{4.2.3 Trajectoire Circulaire}{subsection.4.2}% 18
\BOOKMARK [2][-]{subsection.4.3}{4.3 Communication avec le robot}{section.4}% 19
\BOOKMARK [3][-]{subsubsection.4.3.1}{4.3.1 \311tudes initiaux}{subsection.4.3}% 20
\BOOKMARK [3][-]{subsubsection.4.3.2}{4.3.2 Premiers Tests}{subsection.4.3}% 21
\BOOKMARK [3][-]{subsubsection.4.3.3}{4.3.3 Tests du you\137Bot}{subsection.4.3}% 22
\BOOKMARK [2][-]{subsection.4.4}{4.4 Interface Homme \040 Machine}{section.4}% 23
\BOOKMARK [1][-]{section.5}{5 R\351sultats et Discussions}{}% 24
\BOOKMARK [2][-]{subsection.5.1}{5.1 Commande Angulaire et Cart\351sienne}{section.5}% 25
\BOOKMARK [3][-]{subsubsection.5.1.1}{5.1.1 Commande Angulaire}{subsection.5.1}% 26
\BOOKMARK [3][-]{subsubsection.5.1.2}{5.1.2 Commande Cart\351sienne}{subsection.5.1}% 27
\BOOKMARK [2][-]{subsection.5.2}{5.2 Trajectoires}{section.5}% 28
\BOOKMARK [2][-]{subsection.5.3}{5.3 Communication avec le robot}{section.5}% 29
\BOOKMARK [3][-]{subsubsection.5.3.1}{5.3.1 Premiers Tests}{subsection.5.3}% 30
\BOOKMARK [3][-]{subsubsection.5.3.2}{5.3.2 Tests du you\137Bot}{subsection.5.3}% 31
\BOOKMARK [2][-]{subsection.5.4}{5.4 Interface Homme \040 Machine}{section.5}% 32
\BOOKMARK [3][-]{subsubsection.5.4.1}{5.4.1 Premi\350re fen\352tre: Param\350tres du tableau}{subsection.5.4}% 33
\BOOKMARK [3][-]{subsubsection.5.4.2}{5.4.2 Deuxi\350me fen\352tre: Utilisateurs}{subsection.5.4}% 34
\BOOKMARK [3][-]{subsubsection.5.4.3}{5.4.3 Troisi\350me fen\352tre: Jeu de Morpion}{subsection.5.4}% 35
\BOOKMARK [1][-]{section.6}{6 Conclusion}{}% 36
\BOOKMARK [1][-]{section*.60}{Appendices}{}% 37
\BOOKMARK [1][-]{Annexe.1.A}{A Tutoriels you\137Bot / Matlab}{}% 38
\BOOKMARK [2][-]{subsection.1.A.1}{A.1 Installation you\137Bot}{Annexe.1.A}% 39
\BOOKMARK [2][-]{subsection.1.A.2}{A.2 Configuration Matlab/ROS/you\137Bot}{Annexe.1.A}% 40
\BOOKMARK [2][-]{subsection.1.A.3}{A.3 Configuration Simulink/ROS/you\137Bot}{Annexe.1.A}% 41
