\BOOKMARK [1][-]{section.1}{1 Introduction}{}% 1
\BOOKMARK [1][-]{section.2}{2 Objectif}{}% 2
\BOOKMARK [1][-]{section.3}{3 Division du Travail}{}% 3
\BOOKMARK [2][-]{subsection.3.1}{3.1 D\351finition des t\342ches \340 entreprendre}{section.3}% 4
\BOOKMARK [2][-]{subsection.3.2}{3.2 Commande Angulaire et Cart\351sienne}{section.3}% 5
\BOOKMARK [2][-]{subsection.3.3}{3.3 Trajectoires}{section.3}% 6
\BOOKMARK [2][-]{subsection.3.4}{3.4 Communication avec le robot}{section.3}% 7
\BOOKMARK [2][-]{subsection.3.5}{3.5 Interface Homme \040 Machine }{section.3}% 8
\BOOKMARK [2][-]{subsection.3.6}{3.6 D\351signation des t\342ches}{section.3}% 9
\BOOKMARK [2][-]{subsection.3.7}{3.7 Calendrier du projet}{section.3}% 10
\BOOKMARK [1][-]{section.4}{4 M\351thodologie}{}% 11
\BOOKMARK [2][-]{subsection.4.1}{4.1 Commande Angulaire et Cart\351sienne}{section.4}% 12
\BOOKMARK [3][-]{subsubsection.4.1.1}{4.1.1 Commande Angulaire}{subsection.4.1}% 13
\BOOKMARK [3][-]{subsubsection.4.1.2}{4.1.2 Commande Cart\351sienne}{subsection.4.1}% 14
\BOOKMARK [2][-]{subsection.4.2}{4.2 Trajectoire}{section.4}% 15
\BOOKMARK [2][-]{subsection.4.3}{4.3 2.B Interface Homme \040 Machine}{section.4}% 16
\BOOKMARK [1][-]{section.5}{5 R\351sultats et Discussions}{}% 17
\BOOKMARK [2][-]{subsection.5.1}{5.1 Commande Angulaire et Cart\351sienne}{section.5}% 18
\BOOKMARK [2][-]{subsection.5.2}{5.2 Trajectoires}{section.5}% 19
\BOOKMARK [1][-]{section.6}{6 Conclusion}{}% 20
